warning: Tag `SYMBOL_CACHE_SIZE' at line 330 of file `/Users/travis/build/Tim020/SUPER-SEPR/Scripts/doxygen.config' has become obsolete.
         To avoid this warning please remove this line from your configuration file or upgrade it using "doxygen -u"
warning: Tag `SHOW_DIRECTORIES' at line 539 of file `/Users/travis/build/Tim020/SUPER-SEPR/Scripts/doxygen.config' has become obsolete.
         To avoid this warning please remove this line from your configuration file or upgrade it using "doxygen -u"
warning: Tag `HTML_ALIGN_MEMBERS' at line 957 of file `/Users/travis/build/Tim020/SUPER-SEPR/Scripts/doxygen.config' has become obsolete.
         To avoid this warning please remove this line from your configuration file or upgrade it using "doxygen -u"
warning: Tag `USE_INLINE_TREES' at line 1144 of file `/Users/travis/build/Tim020/SUPER-SEPR/Scripts/doxygen.config' has become obsolete.
         To avoid this warning please remove this line from your configuration file or upgrade it using "doxygen -u"
warning: Tag `XML_SCHEMA' at line 1407 of file `/Users/travis/build/Tim020/SUPER-SEPR/Scripts/doxygen.config' has become obsolete.
         To avoid this warning please remove this line from your configuration file or upgrade it using "doxygen -u"
warning: Tag `XML_DTD' at line 1413 of file `/Users/travis/build/Tim020/SUPER-SEPR/Scripts/doxygen.config' has become obsolete.
         To avoid this warning please remove this line from your configuration file or upgrade it using "doxygen -u"
warning: tag INPUT: input source `/Users/travis/build/Tim020/SUPER-SEPR/Game/Assets/Editor/UnitTests' does not exist
warning: source /Users/travis/build/Tim020/SUPER-SEPR/Game/Assets/Editor/UnitTests is not a readable file or directory... skipping.
Searching for include files...
Searching for example files...
Searching for images...
Searching for dot files...
Searching for msc files...
Searching for dia files...
Searching for files to exclude
Searching INPUT for files to process...
Searching for files in directory /Users/travis/build/Tim020/SUPER-SEPR/Game/Assets/Scripts
Searching for files in directory /Users/travis/build/Tim020/SUPER-SEPR/Game/Assets/Scripts/Events
Searching for files in directory /Users/travis/build/Tim020/SUPER-SEPR/Game/Assets/Scripts/GUI
Searching for files in directory /Users/travis/build/Tim020/SUPER-SEPR/Game/Assets/Scripts/Map System
Reading and parsing tag files
Parsing files
Preprocessing /Users/travis/build/Tim020/SUPER-SEPR/Game/Assets/Scripts/Events/ShowHideEventUI.cs...
Parsing file /Users/travis/build/Tim020/SUPER-SEPR/Game/Assets/Scripts/Events/ShowHideEventUI.cs...
Preprocessing /Users/travis/build/Tim020/SUPER-SEPR/Game/Assets/Scripts/GameManagerScript.cs...
Parsing file /Users/travis/build/Tim020/SUPER-SEPR/Game/Assets/Scripts/GameManagerScript.cs...
Preprocessing /Users/travis/build/Tim020/SUPER-SEPR/Game/Assets/Scripts/GUI/AuctionTradesWindow.cs...
Parsing file /Users/travis/build/Tim020/SUPER-SEPR/Game/Assets/Scripts/GUI/AuctionTradesWindow.cs...
Preprocessing /Users/travis/build/Tim020/SUPER-SEPR/Game/Assets/Scripts/GUI/CanvasScript.cs...
Parsing file /Users/travis/build/Tim020/SUPER-SEPR/Game/Assets/Scripts/GUI/CanvasScript.cs...
Preprocessing /Users/travis/build/Tim020/SUPER-SEPR/Game/Assets/Scripts/GUI/CasinoScript.cs...
Parsing file /Users/travis/build/Tim020/SUPER-SEPR/Game/Assets/Scripts/GUI/CasinoScript.cs...
Preprocessing /Users/travis/build/Tim020/SUPER-SEPR/Game/Assets/Scripts/GUI/HelpBoxScript.cs...
Parsing file /Users/travis/build/Tim020/SUPER-SEPR/Game/Assets/Scripts/GUI/HelpBoxScript.cs...
Preprocessing /Users/travis/build/Tim020/SUPER-SEPR/Game/Assets/Scripts/GUI/MarketScript.cs...
Parsing file /Users/travis/build/Tim020/SUPER-SEPR/Game/Assets/Scripts/GUI/MarketScript.cs...
Preprocessing /Users/travis/build/Tim020/SUPER-SEPR/Game/Assets/Scripts/GUI/PhaseTimerScript.cs...
Parsing file /Users/travis/build/Tim020/SUPER-SEPR/Game/Assets/Scripts/GUI/PhaseTimerScript.cs...
Preprocessing /Users/travis/build/Tim020/SUPER-SEPR/Game/Assets/Scripts/GUI/RoboticonGuiElementScript.cs...
Parsing file /Users/travis/build/Tim020/SUPER-SEPR/Game/Assets/Scripts/GUI/RoboticonGuiElementScript.cs...
Preprocessing /Users/travis/build/Tim020/SUPER-SEPR/Game/Assets/Scripts/GUI/RoboticonUpgradesWindowScript.cs...
Parsing file /Users/travis/build/Tim020/SUPER-SEPR/Game/Assets/Scripts/GUI/RoboticonUpgradesWindowScript.cs...
Preprocessing /Users/travis/build/Tim020/SUPER-SEPR/Game/Assets/Scripts/GUI/RoboticonWindowScript.cs...
Parsing file /Users/travis/build/Tim020/SUPER-SEPR/Game/Assets/Scripts/GUI/RoboticonWindowScript.cs...
Preprocessing /Users/travis/build/Tim020/SUPER-SEPR/Game/Assets/Scripts/GUI/ScoreBoardScript.cs...
Parsing file /Users/travis/build/Tim020/SUPER-SEPR/Game/Assets/Scripts/GUI/ScoreBoardScript.cs...
Preprocessing /Users/travis/build/Tim020/SUPER-SEPR/Game/Assets/Scripts/GUI/TileInfoWindowScript.cs...
Parsing file /Users/travis/build/Tim020/SUPER-SEPR/Game/Assets/Scripts/GUI/TileInfoWindowScript.cs...
Preprocessing /Users/travis/build/Tim020/SUPER-SEPR/Game/Assets/Scripts/GUI/TradeGuiElementScript.cs...
Parsing file /Users/travis/build/Tim020/SUPER-SEPR/Game/Assets/Scripts/GUI/TradeGuiElementScript.cs...
Preprocessing /Users/travis/build/Tim020/SUPER-SEPR/Game/Assets/Scripts/Map System/MapManagerScript.cs...
Parsing file /Users/travis/build/Tim020/SUPER-SEPR/Game/Assets/Scripts/Map System/MapManagerScript.cs...
Preprocessing /Users/travis/build/Tim020/SUPER-SEPR/Game/Assets/Scripts/Map System/MapTileScript.cs...
Parsing file /Users/travis/build/Tim020/SUPER-SEPR/Game/Assets/Scripts/Map System/MapTileScript.cs...
Preprocessing /Users/travis/build/Tim020/SUPER-SEPR/Game/Assets/Scripts/SunRiseScript.cs...
Parsing file /Users/travis/build/Tim020/SUPER-SEPR/Game/Assets/Scripts/SunRiseScript.cs...
Building group list...
Building directory list...
Building namespace list...
Building file list...
Building class list...
Associating documentation with classes...
Computing nesting relations for classes...
Building example list...
Searching for enumerations...
Searching for documented typedefs...
Searching for members imported via using declarations...
Searching for included using directives...
Searching for documented variables...
Building interface member list...
Building member list...
Searching for friends...
Searching for documented defines...
Computing class inheritance relations...
Computing class usage relations...
Flushing cached template relations that have become invalid...
Computing class relations...
Add enum values to enums...
Searching for member function documentation...
Creating members for template instances...
Building page list...
Search for main page...
Computing page relations...
Determining the scope of groups...
Sorting lists...
Freeing entry tree
Determining which enums are documented
Computing member relations...
Building full member lists recursively...
Adding members to member groups.
Computing member references...
Inheriting documentation...
Generating disk names...
Adding source references...
Adding xrefitems...
Sorting member lists...
Computing dependencies between directories...
Generating citations page...
Counting data structures...
Resolving user defined references...
Finding anchors and sections in the documentation...
Transferring function references...
Combining using relations...
Adding members to index pages...
Generating style sheet...
Generating search indices...
Generating example documentation...
Generating file sources...
Generating file documentation...
Generating docs for file /Users/travis/build/Tim020/SUPER-SEPR/Game/Assets/Scripts/Events/ShowHideEventUI.cs...
Generating docs for file /Users/travis/build/Tim020/SUPER-SEPR/Game/Assets/Scripts/GameManagerScript.cs...
Generating docs for file /Users/travis/build/Tim020/SUPER-SEPR/Game/Assets/Scripts/GUI/AuctionTradesWindow.cs...
Generating docs for file /Users/travis/build/Tim020/SUPER-SEPR/Game/Assets/Scripts/GUI/CanvasScript.cs...
Generating docs for file /Users/travis/build/Tim020/SUPER-SEPR/Game/Assets/Scripts/GUI/CasinoScript.cs...
Generating docs for file /Users/travis/build/Tim020/SUPER-SEPR/Game/Assets/Scripts/GUI/HelpBoxScript.cs...
Generating docs for file /Users/travis/build/Tim020/SUPER-SEPR/Game/Assets/Scripts/GUI/MarketScript.cs...
Generating docs for file /Users/travis/build/Tim020/SUPER-SEPR/Game/Assets/Scripts/GUI/PhaseTimerScript.cs...
Generating docs for file /Users/travis/build/Tim020/SUPER-SEPR/Game/Assets/Scripts/GUI/RoboticonGuiElementScript.cs...
Generating docs for file /Users/travis/build/Tim020/SUPER-SEPR/Game/Assets/Scripts/GUI/RoboticonUpgradesWindowScript.cs...
Generating docs for file /Users/travis/build/Tim020/SUPER-SEPR/Game/Assets/Scripts/GUI/RoboticonWindowScript.cs...
Generating docs for file /Users/travis/build/Tim020/SUPER-SEPR/Game/Assets/Scripts/GUI/ScoreBoardScript.cs...
Generating docs for file /Users/travis/build/Tim020/SUPER-SEPR/Game/Assets/Scripts/GUI/TileInfoWindowScript.cs...
Generating docs for file /Users/travis/build/Tim020/SUPER-SEPR/Game/Assets/Scripts/GUI/TradeGuiElementScript.cs...
Generating docs for file /Users/travis/build/Tim020/SUPER-SEPR/Game/Assets/Scripts/Map System/MapManagerScript.cs...
Generating docs for file /Users/travis/build/Tim020/SUPER-SEPR/Game/Assets/Scripts/Map System/MapTileScript.cs...
Generating docs for file /Users/travis/build/Tim020/SUPER-SEPR/Game/Assets/Scripts/SunRiseScript.cs...
Generating page documentation...
Generating group documentation...
Generating class documentation...
Generating docs for compound AuctionTradesWindow...
Generating docs for compound CanvasScript...
Generating docs for compound CasinoScript...
Generating docs for compound GameManagerScript...
Generating docs for compound HelpBoxScript...
Generating docs for compound MapManagerScript...
Generating docs for compound MapTileScript...
Generating docs for compound MarketScript...
Generating docs for compound PhaseTimerScript...
Generating docs for compound RoboticonGuiElementScript...
Generating docs for compound RoboticonUpgradesWindowScript...
Generating docs for compound RoboticonWindowScript...
Generating docs for compound ScoreBoardScript...
Generating docs for compound ShowHideEventUI...
Generating docs for compound SunRiseScript...
Generating docs for compound TileInfoWindowScript...
Generating docs for compound TradeGuiElementScript...
Generating namespace index...
Generating graph info page...
Generating directory documentation...
Generating index page...
Generating page index...
Generating module index...
Generating namespace index...
Generating namespace member index...
Generating annotated compound index...
Generating alphabetical compound index...
Generating hierarchical class index...
Generating member index...
Generating file index...
Generating file member index...
Generating example index...
finalizing index lists...
writing tag file...
lookup cache used 359/65536 hits=784 misses=400
finished...
